#
# A fatal error has been detected by the Java Runtime Environment:
#
#  EXCEPTION_ACCESS_VIOLATION (0xc0000005) at pc=0x0000000023fa1066, pid=15344, tid=0x0000000000003fc4
#
# JRE version: OpenJDK Runtime Environment (8.0_222) (build 1.8.0_222-10)
# Java VM: OpenJDK 64-Bit Server VM (25.222-b10 mixed mode windows-amd64 compressed oops)
# Problematic frame:
# C  [OpenAL64.dll+0x11066]
#
# Failed to write core dump. Minidumps are not enabled by default on client versions of Windows
#
# If you would like to submit a bug report, please visit:
#   
# The crash happened outside the Java Virtual Machine in native code.
# See problematic frame for where to report the bug.
#

---------------  T H R E A D  ---------------

Current thread (0x00000000025c6000):  JavaThread "main" [_thread_in_native, id=16324, stack(0x00000000024c0000,0x00000000025c0000)]

siginfo: ExceptionCode=0xc0000005, reading address 0x0000000021fac004

Registers:
RAX=0x000000008f37559e, RBX=0x0000000026310090, RCX=0x0000000021fac008, RDX=0x0000000021fac004
RSP=0x00000000025bbe90, RBP=0x00000000000000ff, RSI=0x0000000021f9d76c, RDI=0x0000000000000000
R8 =0x0000000000003a26, R9 =0x0000000021f9d76c, R10=0x00000000026d89db, R11=0x00000000565571b0
R12=0x0000000000000001, R13=0x0000000023b3cd90, R14=0x00000000025bc030, R15=0x00000000025c6000
RIP=0x0000000023fa1066, EFLAGS=0x0000000000010202

Top of Stack: (sp=0x00000000025bbe90)
0x00000000025bbe90:   0000000000000000 000000001ddf0350
0x00000000025bbea0:   0000000002447900 00000000025c6000
0x00000000025bbeb0:   0000000023b3cd90 0000000000000000
0x00000000025bbec0:   00000000025c6000 0000000002447900
0x00000000025bbed0:   0000000023b3cd90 00000000025bc030
0x00000000025bbee0:   0000000002448b50 00000000563e71c6
0x00000000025bbef0:   00000000025bc7c8 00000000025c6b50
0x00000000025bbf00:   00000000025c6000 00000000025bc030
0x00000000025bbf10:   0000000023b3cd90 0000000000000000
0x00000000025bbf20:   0000000021f9d76c 0000000000000248
0x00000000025bbf30:   00000000025bbff8 0000000023fa248f
0x00000000025bbf40:   0000000026310090 0000000026310090
0x00000000025bbf50:   000000000000ac44 000000008f37559e
0x00000000025bbf60:   00000000026c7bb0 00000000026d8a07
0x00000000025bbf70:   0000000023b3cd90 00000000026c7bb0
0x00000000025bbf80:   00000000026c7bb0 00000000026d874b 

Instructions: (pc=0x0000000023fa1066)
0x0000000023fa1046:   41 2b ec 81 3a 03 00 02 00 75 09 8b 01 89 84 24
0x0000000023fa1056:   c8 00 00 00 49 83 c0 02 48 83 c1 08 4a 8d 14 86
0x0000000023fa1066:   39 3a 75 af 4c 8d 84 24 c0 00 00 00 48 8d 15 d7
0x0000000023fa1076:   2b 03 00 33 c9 e8 58 5f 00 00 b8 40 1f 00 00 4c 


Register to memory mapping:

RAX=0x000000008f37559e is an unknown value
RBX=0x0000000026310090 is an unknown value
RCX=0x0000000021fac008 is an unknown value
RDX=0x0000000021fac004 is an unknown value
RSP=0x00000000025bbe90 is pointing into the stack for thread: 0x00000000025c6000
RBP=0x00000000000000ff is an unknown value
RSI=0x0000000021f9d76c is an unknown value
RDI=0x0000000000000000 is an unknown value
R8 =0x0000000000003a26 is an unknown value
R9 =0x0000000021f9d76c is an unknown value
R10=0x00000000026d89db is at code_begin+891 in an Interpreter codelet
method entry point (kind = native)  [0x00000000026d8660, 0x00000000026d9040]  2528 bytes
R11=0x00000000565571b0 is an unknown value
R12=0x0000000000000001 is an unknown value
R13={method} {0x0000000023b3cd98} 'nalcCreateContext' '(JJ)J' in 'org/lwjgl/openal/ALC10'
R14=0x00000000025bc030 is pointing into the stack for thread: 0x00000000025c6000
R15=0x00000000025c6000 is a thread


Stack: [0x00000000024c0000,0x00000000025c0000],  sp=0x00000000025bbe90,  free space=1007k
Native frames: (J=compiled Java code, j=interpreted, Vv=VM code, C=native code)
C  [OpenAL64.dll+0x11066]
C  [OpenAL64.dll+0x1248f]
C  0x00000000026d8a07

Java frames: (J=compiled Java code, j=interpreted, Vv=VM code)
j  org.lwjgl.openal.ALC10.nalcCreateContext(JJ)J+0
j  org.lwjgl.openal.ALC10.alcCreateContext(Lorg/lwjgl/openal/ALCdevice;Ljava/nio/IntBuffer;)Lorg/lwjgl/openal/ALCcontext;+8
j  org.lwjgl.openal.AL.init(Ljava/lang/String;IIZZ)V+69
j  org.lwjgl.openal.AL.create(Ljava/lang/String;IIZZ)V+246
j  org.lwjgl.openal.AL.create(Ljava/lang/String;IIZ)V+5
j  org.lwjgl.openal.AL.create()V+6
j  com.badlogic.gdx.backends.lwjgl.audio.OpenALAudio.<init>(III)V+114
j  com.badlogic.gdx.backends.lwjgl.LwjglApplication.<init>(Lcom/badlogic/gdx/ApplicationListener;Lcom/badlogic/gdx/backends/lwjgl/LwjglApplicationConfiguration;Lcom/badlogic/gdx/backends/lwjgl/LwjglGraphics;)V+120
j  com.badlogic.gdx.backends.lwjgl.LwjglApplication.<init>(Lcom/badlogic/gdx/ApplicationListener;Lcom/badlogic/gdx/backends/lwjgl/LwjglApplicationConfiguration;)V+11
j  org.uqbar.project.wollok.game.gameboard.WollokGDXApplication.<init>(Lorg/uqbar/project/wollok/game/gameboard/Gameboard;Ljava/lang/Boolean;)V+17
j  org.uqbar.project.wollok.game.helpers.Application.start(Lorg/uqbar/project/wollok/game/gameboard/Gameboard;Ljava/lang/Boolean;)V+5
j  org.uqbar.project.wollok.game.gameboard.Gameboard.start(Ljava/lang/Boolean;)V+13
j  wollok.game.GameObject.doStart(Ljava/lang/Boolean;)V+12
v  ~StubRoutines::call_stub
J 3370  sun.reflect.NativeMethodAccessorImpl.invoke0(Ljava/lang/reflect/Method;Ljava/lang/Object;[Ljava/lang/Object;)Ljava/lang/Object; (0 bytes) @ 0x000000000313437f [0x0000000003134300+0x7f]
J 3369 C1 sun.reflect.NativeMethodAccessorImpl.invoke(Ljava/lang/Object;[Ljava/lang/Object;)Ljava/lang/Object; (104 bytes) @ 0x00000000031335fc [0x0000000003132400+0x11fc]
J 3549 C2 sun.reflect.DelegatingMethodAccessorImpl.invoke(Ljava/lang/Object;[Ljava/lang/Object;)Ljava/lang/Object; (10 bytes) @ 0x0000000003234d98 [0x0000000003234d20+0x78]
J 2328 C1 java.lang.reflect.Method.invoke(Ljava/lang/Object;[Ljava/lang/Object;)Ljava/lang/Object; (62 bytes) @ 0x0000000002e8c934 [0x0000000002e8c540+0x3f4]
J 3711 C1 org.uqbar.project.wollok.ui.utils.XTendUtilExtensions.invokeConvertingArgs(Ljava/lang/reflect/Method;Ljava/lang/Object;[Ljava/lang/Object;)Lorg/uqbar/project/wollok/interpreter/core/WollokObject; (378 bytes) @ 0x00000000032d00a4 [0x00000000032ce460+0x1c44]
J 3762 C1 org.uqbar.project.wollok.interpreter.AbstractWollokCallable._invokeNative(Ljava/lang/Object;Ljava/lang/String;[Lorg/uqbar/project/wollok/interpreter/core/WollokObject;)Lorg/uqbar/project/wollok/interpreter/core/WollokObject; (49 bytes) @ 0x00000000032f4124 [0x00000000032f3e80+0x2a4]
J 3685 C1 org.uqbar.project.wollok.interpreter.AbstractWollokCallable.invokeNative(Ljava/lang/Object;Ljava/lang/String;[Lorg/uqbar/project/wollok/interpreter/core/WollokObject;)Lorg/uqbar/project/wollok/interpreter/core/WollokObject; (76 bytes) @ 0x00000000032b3404 [0x00000000032b27a0+0xc64]
J 3552 C1 org.uqbar.project.wollok.interpreter.AbstractWollokCallable$1.apply()Lorg/uqbar/project/wollok/interpreter/core/WollokObject; (145 bytes) @ 0x00000000031fbb7c [0x00000000031fb500+0x67c]
J 3551 C1 org.uqbar.project.wollok.interpreter.AbstractWollokCallable$1.apply()Ljava/lang/Object; (5 bytes) @ 0x00000000031fb04c [0x00000000031fafc0+0x8c]
J 3282 C1 org.uqbar.project.wollok.interpreter.threads.WThread.performOnStack(Lorg/eclipse/emf/ecore/EObject;Lorg/uqbar/project/wollok/interpreter/context/EvaluationContext;Lorg/eclipse/xtext/xbase/lib/Functions$Function0;)Lorg/uqbar/project/wollok/interpreter/core/WollokObject; (163 bytes) @ 0x00000000030c8d64 [0x00000000030c8a40+0x324]
J 3457 C1 org.uqbar.project.wollok.interpreter.AbstractWollokCallable.call(Lorg/uqbar/project/wollok/wollokDsl/WMethodDeclaration;[Lorg/uqbar/project/wollok/interpreter/core/WollokObject;)Lorg/uqbar/project/wollok/interpreter/core/WollokObject; (46 bytes) @ 0x00000000031790fc [0x00000000031785e0+0xb1c]
J 3266 C1 org.uqbar.project.wollok.interpreter.core.WollokObject.call(Ljava/lang/String;[Lorg/uqbar/project/wollok/interpreter/core/WollokObject;)Lorg/uqbar/project/wollok/interpreter/core/WollokObject; (61 bytes) @ 0x00000000030bf3cc [0x00000000030bed00+0x6cc]
J 3484 C1 org.uqbar.project.wollok.interpreter.WollokInterpreterEvaluator._evaluate(Lorg/uqbar/project/wollok/wollokDsl/WFeatureCall;)Lorg/uqbar/project/wollok/interpreter/core/WollokObject; (125 bytes) @ 0x0000000003199b44 [0x0000000003198980+0x11c4]
J 3086 C1 org.uqbar.project.wollok.launch.WollokLauncherInterpreterEvaluator.evaluate(Lorg/eclipse/emf/ecore/EObject;)Lorg/uqbar/project/wollok/interpreter/core/WollokObject; (502 bytes) @ 0x000000000301994c [0x0000000003015760+0x41ec]
J 3087 C1 org.uqbar.project.wollok.interpreter.WollokInterpreter.eval(Lorg/eclipse/emf/ecore/EObject;)Lorg/uqbar/project/wollok/interpreter/core/WollokObject; (190 bytes) @ 0x00000000030249ac [0x0000000003023f80+0xa2c]
J 3602 C1 org.uqbar.project.wollok.interpreter.WollokInterpreterEvaluator$1.apply(Ljava/lang/Object;Ljava/lang/Object;)Ljava/lang/Object; (13 bytes) @ 0x000000000324c72c [0x000000000324c3a0+0x38c]
J 3851 C1 org.eclipse.xtext.xbase.lib.IteratorExtensions.fold(Ljava/util/Iterator;Ljava/lang/Object;Lorg/eclipse/xtext/xbase/lib/Functions$Function2;)Ljava/lang/Object; (30 bytes) @ 0x000000000333421c [0x0000000003334060+0x1bc]
J 3517 C1 org.uqbar.project.wollok.interpreter.WollokInterpreterEvaluator._evaluate(Lorg/uqbar/project/wollok/wollokDsl/WBlockExpression;)Lorg/uqbar/project/wollok/interpreter/core/WollokObject; (40 bytes) @ 0x00000000031bc9bc [0x00000000031bbd40+0xc7c]
J 3086 C1 org.uqbar.project.wollok.launch.WollokLauncherInterpreterEvaluator.evaluate(Lorg/eclipse/emf/ecore/EObject;)Lorg/uqbar/project/wollok/interpreter/core/WollokObject; (502 bytes) @ 0x000000000301d184 [0x0000000003015760+0x7a24]
J 3087 C1 org.uqbar.project.wollok.interpreter.WollokInterpreter.eval(Lorg/eclipse/emf/ecore/EObject;)Lorg/uqbar/project/wollok/interpreter/core/WollokObject; (190 bytes) @ 0x00000000030249ac [0x0000000003023f80+0xa2c]
J 3552 C1 org.uqbar.project.wollok.interpreter.AbstractWollokCallable$1.apply()Lorg/uqbar/project/wollok/interpreter/core/WollokObject; (145 bytes) @ 0x00000000031fbec4 [0x00000000031fb500+0x9c4]
J 3551 C1 org.uqbar.project.wollok.interpreter.AbstractWollokCallable$1.apply()Ljava/lang/Object; (5 bytes) @ 0x00000000031fb04c [0x00000000031fafc0+0x8c]
J 3282 C1 org.uqbar.project.wollok.interpreter.threads.WThread.performOnStack(Lorg/eclipse/emf/ecore/EObject;Lorg/uqbar/project/wollok/interpreter/context/EvaluationContext;Lorg/eclipse/xtext/xbase/lib/Functions$Function0;)Lorg/uqbar/project/wollok/interpreter/core/WollokObject; (163 bytes) @ 0x00000000030c8d64 [0x00000000030c8a40+0x324]
J 3457 C1 org.uqbar.project.wollok.interpreter.AbstractWollokCallable.call(Lorg/uqbar/project/wollok/wollokDsl/WMethodDeclaration;[Lorg/uqbar/project/wollok/interpreter/core/WollokObject;)Lorg/uqbar/project/wollok/interpreter/core/WollokObject; (46 bytes) @ 0x00000000031790fc [0x00000000031785e0+0xb1c]
J 3266 C1 org.uqbar.project.wollok.interpreter.core.WollokObject.call(Ljava/lang/String;[Lorg/uqbar/project/wollok/interpreter/core/WollokObject;)Lorg/uqbar/project/wollok/interpreter/core/WollokObject; (61 bytes) @ 0x00000000030bf3cc [0x00000000030bed00+0x6cc]
J 3484 C1 org.uqbar.project.wollok.interpreter.WollokInterpreterEvaluator._evaluate(Lorg/uqbar/project/wollok/wollokDsl/WFeatureCall;)Lorg/uqbar/project/wollok/interpreter/core/WollokObject; (125 bytes) @ 0x0000000003199b44 [0x0000000003198980+0x11c4]
J 3086 C1 org.uqbar.project.wollok.launch.WollokLauncherInterpreterEvaluator.evaluate(Lorg/eclipse/emf/ecore/EObject;)Lorg/uqbar/project/wollok/interpreter/core/WollokObject; (502 bytes) @ 0x000000000301994c [0x0000000003015760+0x41ec]
J 3087 C1 org.uqbar.project.wollok.interpreter.WollokInterpreter.eval(Lorg/eclipse/emf/ecore/EObject;)Lorg/uqbar/project/wollok/interpreter/core/WollokObject; (190 bytes) @ 0x00000000030249ac [0x0000000003023f80+0xa2c]
J 3602 C1 org.uqbar.project.wollok.interpreter.WollokInterpreterEvaluator$1.apply(Ljava/lang/Object;Ljava/lang/Object;)Ljava/lang/Object; (13 bytes) @ 0x000000000324c72c [0x000000000324c3a0+0x38c]
j  org.eclipse.xtext.xbase.lib.IteratorExtensions.fold(Ljava/util/Iterator;Ljava/lang/Object;Lorg/eclipse/xtext/xbase/lib/Functions$Function2;)Ljava/lang/Object;+19
j  org.eclipse.xtext.xbase.lib.IterableExtensions.fold(Ljava/lang/Iterable;Ljava/lang/Object;Lorg/eclipse/xtext/xbase/lib/Functions$Function2;)Ljava/lang/Object;+8
j  org.uqbar.project.wollok.interpreter.WollokInterpreterEvaluator.evalAll(Ljava/lang/Iterable;)Lorg/uqbar/project/wollok/interpreter/core/WollokObject;+12
j  org.uqbar.project.wollok.interpreter.WollokInterpreterEvaluator._evaluate(Lorg/uqbar/project/wollok/wollokDsl/WProgram;)Lorg/uqbar/project/wollok/interpreter/core/WollokObject;+18
j  org.uqbar.project.wollok.launch.WollokLauncherInterpreterEvaluator.evaluate(Lorg/eclipse/emf/ecore/EObject;)Lorg/uqbar/project/wollok/interpreter/core/WollokObject;+444
j  org.uqbar.project.wollok.interpreter.WollokInterpreterEvaluator.evaluate(Lorg/eclipse/emf/ecore/EObject;)Ljava/lang/Object;+2
j  org.uqbar.project.wollok.interpreter.WollokInterpreter.eval(Lorg/eclipse/emf/ecore/EObject;)Lorg/uqbar/project/wollok/interpreter/core/WollokObject;+63
j  org.uqbar.project.wollok.interpreter.WollokInterpreterEvaluator.eval(Lorg/eclipse/emf/ecore/EObject;)Lorg/uqbar/project/wollok/interpreter/core/WollokObject;+5
j  org.uqbar.project.wollok.launch.WollokLauncherInterpreterEvaluator._evaluate(Lorg/uqbar/project/wollok/wollokDsl/WFile;)Lorg/uqbar/project/wollok/interpreter/core/WollokObject;+32
j  org.uqbar.project.wollok.launch.WollokLauncherInterpreterEvaluator.evaluate(Lorg/eclipse/emf/ecore/EObject;)Lorg/uqbar/project/wollok/interpreter/core/WollokObject;+428
j  org.uqbar.project.wollok.interpreter.WollokInterpreterEvaluator.evaluate(Lorg/eclipse/emf/ecore/EObject;)Ljava/lang/Object;+2
j  org.uqbar.project.wollok.interpreter.WollokInterpreter.interpret(Lorg/eclipse/emf/ecore/EObject;Ljava/lang/Boolean;)Lorg/uqbar/project/wollok/interpreter/core/WollokObject;+25
j  org.uqbar.project.wollok.interpreter.WollokInterpreter.interpret(Lorg/eclipse/emf/ecore/EObject;)Lorg/uqbar/project/wollok/interpreter/core/WollokObject;+8
j  org.uqbar.project.wollok.launch.WollokLauncher.doSomething(Lorg/uqbar/project/wollok/wollokDsl/WFile;Lcom/google/inject/Injector;Ljava/io/File;Lorg/uqbar/project/wollok/launch/WollokLauncherParameters;)V+57
j  org.uqbar.project.wollok.launch.WollokChecker.launch(Ljava/lang/String;Lorg/uqbar/project/wollok/launch/WollokLauncherParameters;)V+31
j  org.uqbar.project.wollok.launch.WollokChecker.doMain([Ljava/lang/String;)V+213
j  org.uqbar.project.wollok.launch.WollokLauncher.main([Ljava/lang/String;)V+8
v  ~StubRoutines::call_stub

---------------  P R O C E S S  ---------------

Java Threads: ( => current thread )
  0x000000001fc7c000 JavaThread "com.google.inject.internal.util.$Finalizer" daemon [_thread_blocked, id=5788, stack(0x00000000211a0000,0x00000000212a0000)]
  0x000000002016b000 JavaThread "EMF Reference Cleaner" daemon [_thread_blocked, id=12112, stack(0x0000000020ea0000,0x0000000020fa0000)]
  0x000000001db20000 JavaThread "Service Thread" daemon [_thread_blocked, id=10812, stack(0x000000001f4d0000,0x000000001f5d0000)]
  0x000000001da91800 JavaThread "C1 CompilerThread3" daemon [_thread_blocked, id=14576, stack(0x000000001f3d0000,0x000000001f4d0000)]
  0x000000001da94000 JavaThread "C2 CompilerThread2" daemon [_thread_in_native, id=10260, stack(0x000000001f2d0000,0x000000001f3d0000)]
  0x000000001da86800 JavaThread "C2 CompilerThread1" daemon [_thread_in_native, id=10912, stack(0x000000001f1d0000,0x000000001f2d0000)]
  0x000000001da7f800 JavaThread "C2 CompilerThread0" daemon [_thread_in_native, id=3120, stack(0x000000001f0d0000,0x000000001f1d0000)]
  0x000000001da7a000 JavaThread "Attach Listener" daemon [_thread_blocked, id=13424, stack(0x000000001efd0000,0x000000001f0d0000)]
  0x000000001da79000 JavaThread "Signal Dispatcher" daemon [_thread_blocked, id=7904, stack(0x000000001eed0000,0x000000001efd0000)]
  0x000000001c383800 JavaThread "Finalizer" daemon [_thread_blocked, id=3416, stack(0x000000001ecd0000,0x000000001edd0000)]
  0x000000001da63000 JavaThread "Reference Handler" daemon [_thread_blocked, id=14992, stack(0x000000001ebd0000,0x000000001ecd0000)]
=>0x00000000025c6000 JavaThread "main" [_thread_in_native, id=16324, stack(0x00000000024c0000,0x00000000025c0000)]

Other Threads:
  0x000000001da42000 VMThread [stack: 0x000000001ead0000,0x000000001ebd0000] [id=10108]
  0x000000001db21000 WatcherThread [stack: 0x000000001f5d0000,0x000000001f6d0000] [id=5548]

VM state:not at safepoint (normal execution)

VM Mutex/Monitor currently owned by a thread: None

heap address: 0x00000006c1200000, size: 4078 MB, Compressed Oops mode: Zero based, Oop shift amount: 3
Narrow klass base: 0x0000000000000000, Narrow klass shift: 3
Compressed class space size: 1073741824 Address: 0x00000007c0000000

Heap:
 PSYoungGen      total 141824K, used 32550K [0x000000076b100000, 0x0000000774600000, 0x00000007c0000000)
  eden space 131072K, 16% used [0x000000076b100000,0x000000076c64f488,0x0000000773100000)
  from space 10752K, 99% used [0x0000000773b80000,0x00000007745fa680,0x0000000774600000)
  to   space 10752K, 0% used [0x0000000773100000,0x0000000773100000,0x0000000773b80000)
 ParOldGen       total 175104K, used 17017K [0x00000006c1200000, 0x00000006cbd00000, 0x000000076b100000)
  object space 175104K, 9% used [0x00000006c1200000,0x00000006c229e518,0x00000006cbd00000)
 Metaspace       used 20542K, capacity 20832K, committed 21120K, reserved 1067008K
  class space    used 2544K, capacity 2600K, committed 2688K, reserved 1048576K

Card table byte_map: [0x0000000011a80000,0x0000000012280000] byte_map_base: 0x000000000e477000

Marking Bits: (ParMarkBitMap*) 0x0000000056af9b30
 Begin Bits: [0x00000000131d0000, 0x0000000017188000)
 End Bits:   [0x0000000017188000, 0x000000001b140000)

Polling page: 0x0000000000780000

CodeCache: size=245760Kb used=12927Kb max_used=12960Kb free=232832Kb
 bounds [0x00000000026c0000, 0x0000000003380000, 0x00000000116c0000]
 total_blobs=4302 nmethods=3882 adapters=333
 compilation: enabled

Compilation events (10 events):
Event: 1.849 Thread 0x000000001da91800 3885       3       java.nio.DirectByteBuffer::put (18 bytes)
Event: 1.849 Thread 0x000000001da91800 nmethod 3885 0x0000000003341410 code [0x0000000003341580, 0x00000000033417f0]
Event: 1.854 Thread 0x000000001da91800 3888       3       java.lang.reflect.Method::setMethodAccessor (21 bytes)
Event: 1.854 Thread 0x000000001da86800 nmethod 3759 0x00000000033668d0 code [0x0000000003366f40, 0x000000000336d848]
Event: 1.854 Thread 0x000000001da91800 nmethod 3888 0x0000000003340dd0 code [0x0000000003340f40, 0x0000000003341308]
Event: 1.854 Thread 0x000000001da91800 3887       1       java.lang.reflect.Method::getMethodAccessor (5 bytes)
Event: 1.854 Thread 0x000000001da91800 nmethod 3887 0x0000000003340b10 code [0x0000000003340c60, 0x0000000003340d70]
Event: 1.854 Thread 0x000000001da86800 3877       4       java.lang.StringCoding::access$000 (6 bytes)
Event: 1.854 Thread 0x000000001da86800 nmethod 3877 0x000000000333dc90 code [0x000000000333ddc0, 0x000000000333de18]
Event: 1.854 Thread 0x000000001da86800 3862       4       org.uqbar.project.wollok.model.WollokModelExtensions::getPackageName (82 bytes)

GC Heap History (8 events):
Event: 0.505 GC heap before
{Heap before GC invocations=1 (full 0):
 PSYoungGen      total 76288K, used 65536K [0x000000076b100000, 0x0000000770600000, 0x00000007c0000000)
  eden space 65536K, 100% used [0x000000076b100000,0x000000076f100000,0x000000076f100000)
  from space 10752K, 0% used [0x000000076fb80000,0x000000076fb80000,0x0000000770600000)
  to   space 10752K, 0% used [0x000000076f100000,0x000000076f100000,0x000000076fb80000)
 ParOldGen       total 175104K, used 0K [0x00000006c1200000, 0x00000006cbd00000, 0x000000076b100000)
  object space 175104K, 0% used [0x00000006c1200000,0x00000006c1200000,0x00000006cbd00000)
 Metaspace       used 8990K, capacity 9102K, committed 9344K, reserved 1056768K
  class space    used 1070K, capacity 1109K, committed 1152K, reserved 1048576K
Event: 0.510 GC heap after
Heap after GC invocations=1 (full 0):
 PSYoungGen      total 76288K, used 10748K [0x000000076b100000, 0x0000000770600000, 0x00000007c0000000)
  eden space 65536K, 0% used [0x000000076b100000,0x000000076b100000,0x000000076f100000)
  from space 10752K, 99% used [0x000000076f100000,0x000000076fb7f090,0x000000076fb80000)
  to   space 10752K, 0% used [0x000000076fb80000,0x000000076fb80000,0x0000000770600000)
 ParOldGen       total 175104K, used 1983K [0x00000006c1200000, 0x00000006cbd00000, 0x000000076b100000)
  object space 175104K, 1% used [0x00000006c1200000,0x00000006c13efdc0,0x00000006cbd00000)
 Metaspace       used 8990K, capacity 9102K, committed 9344K, reserved 1056768K
  class space    used 1070K, capacity 1109K, committed 1152K, reserved 1048576K
}
Event: 0.957 GC heap before
{Heap before GC invocations=2 (full 0):
 PSYoungGen      total 76288K, used 76284K [0x000000076b100000, 0x0000000770600000, 0x00000007c0000000)
  eden space 65536K, 100% used [0x000000076b100000,0x000000076f100000,0x000000076f100000)
  from space 10752K, 99% used [0x000000076f100000,0x000000076fb7f090,0x000000076fb80000)
  to   space 10752K, 0% used [0x000000076fb80000,0x000000076fb80000,0x0000000770600000)
 ParOldGen       total 175104K, used 1983K [0x00000006c1200000, 0x00000006cbd00000, 0x000000076b100000)
  object space 175104K, 1% used [0x00000006c1200000,0x00000006c13efdc0,0x00000006cbd00000)
 Metaspace       used 15829K, capacity 16022K, committed 16256K, reserved 1062912K
  class space    used 2035K, capacity 2081K, committed 2176K, reserved 1048576K
Event: 0.964 GC heap after
Heap after GC invocations=2 (full 0):
 PSYoungGen      total 76288K, used 10728K [0x000000076b100000, 0x0000000774600000, 0x00000007c0000000)
  eden space 65536K, 0% used [0x000000076b100000,0x000000076b100000,0x000000076f100000)
  from space 10752K, 99% used [0x000000076fb80000,0x00000007705fa030,0x0000000770600000)
  to   space 10752K, 0% used [0x000000076f100000,0x000000076f100000,0x000000076fb80000)
 ParOldGen       total 175104K, used 11063K [0x00000006c1200000, 0x00000006cbd00000, 0x000000076b100000)
  object space 175104K, 6% used [0x00000006c1200000,0x00000006c1ccdd40,0x00000006cbd00000)
 Metaspace       used 15829K, capacity 16022K, committed 16256K, reserved 1062912K
  class space    used 2035K, capacity 2081K, committed 2176K, reserved 1048576K
}
Event: 1.441 GC heap before
{Heap before GC invocations=3 (full 0):
 PSYoungGen      total 76288K, used 76264K [0x000000076b100000, 0x0000000774600000, 0x00000007c0000000)
  eden space 65536K, 100% used [0x000000076b100000,0x000000076f100000,0x000000076f100000)
  from space 10752K, 99% used [0x000000076fb80000,0x00000007705fa030,0x0000000770600000)
  to   space 10752K, 0% used [0x000000076f100000,0x000000076f100000,0x000000076fb80000)
 ParOldGen       total 175104K, used 11063K [0x00000006c1200000, 0x00000006cbd00000, 0x000000076b100000)
  object space 175104K, 6% used [0x00000006c1200000,0x00000006c1ccdd40,0x00000006cbd00000)
 Metaspace       used 19172K, capacity 19322K, committed 19712K, reserved 1067008K
  class space    used 2417K, capacity 2455K, committed 2560K, reserved 1048576K
Event: 1.448 GC heap after
Heap after GC invocations=3 (full 0):
 PSYoungGen      total 76288K, used 10746K [0x000000076b100000, 0x0000000774600000, 0x00000007c0000000)
  eden space 65536K, 0% used [0x000000076b100000,0x000000076b100000,0x000000076f100000)
  from space 10752K, 99% used [0x000000076f100000,0x000000076fb7eac8,0x000000076fb80000)
  to   space 10752K, 0% used [0x0000000773b80000,0x0000000773b80000,0x0000000774600000)
 ParOldGen       total 175104K, used 16567K [0x00000006c1200000, 0x00000006cbd00000, 0x000000076b100000)
  object space 175104K, 9% used [0x00000006c1200000,0x00000006c222df98,0x00000006cbd00000)
 Metaspace       used 19172K, capacity 19322K, committed 19712K, reserved 1067008K
  class space    used 2417K, capacity 2455K, committed 2560K, reserved 1048576K
}
Event: 1.677 GC heap before
{Heap before GC invocations=4 (full 0):
 PSYoungGen      total 76288K, used 76282K [0x000000076b100000, 0x0000000774600000, 0x00000007c0000000)
  eden space 65536K, 100% used [0x000000076b100000,0x000000076f100000,0x000000076f100000)
  from space 10752K, 99% used [0x000000076f100000,0x000000076fb7eac8,0x000000076fb80000)
  to   space 10752K, 0% used [0x0000000773b80000,0x0000000773b80000,0x0000000774600000)
 ParOldGen       total 175104K, used 16567K [0x00000006c1200000, 0x00000006cbd00000, 0x000000076b100000)
  object space 175104K, 9% used [0x00000006c1200000,0x00000006c222df98,0x00000006cbd00000)
 Metaspace       used 19554K, capacity 19802K, committed 19968K, reserved 1067008K
  class space    used 2440K, capacity 2471K, committed 2560K, reserved 1048576K
Event: 1.683 GC heap after
Heap after GC invocations=4 (full 0):
 PSYoungGen      total 141824K, used 10729K [0x000000076b100000, 0x0000000774600000, 0x00000007c0000000)
  eden space 131072K, 0% used [0x000000076b100000,0x000000076b100000,0x0000000773100000)
  from space 10752K, 99% used [0x0000000773b80000,0x00000007745fa680,0x0000000774600000)
  to   space 10752K, 0% used [0x0000000773100000,0x0000000773100000,0x0000000773b80000)
 ParOldGen       total 175104K, used 17017K [0x00000006c1200000, 0x00000006cbd00000, 0x000000076b100000)
  object space 175104K, 9% used [0x00000006c1200000,0x00000006c229e518,0x00000006cbd00000)
 Metaspace       used 19554K, capacity 19802K, committed 19968K, reserved 1067008K
  class space    used 2440K, capacity 2471K, committed 2560K, reserved 1048576K
}

Deoptimization events (10 events):
Event: 1.470 Thread 0x00000000025c6000 Uncommon trap: reason=bimorphic action=maybe_recompile pc=0x00000000030d3ac0 method=org.eclipse.xtext.nodemodel.impl.BasicNodeTreeIterator.hasNext()Z @ 100
Event: 1.487 Thread 0x00000000025c6000 Uncommon trap: reason=bimorphic action=maybe_recompile pc=0x00000000030d3ac0 method=org.eclipse.xtext.nodemodel.impl.BasicNodeTreeIterator.hasNext()Z @ 100
Event: 1.492 Thread 0x00000000025c6000 Uncommon trap: reason=bimorphic action=maybe_recompile pc=0x00000000030d3ac0 method=org.eclipse.xtext.nodemodel.impl.BasicNodeTreeIterator.hasNext()Z @ 100
Event: 1.515 Thread 0x00000000025c6000 Uncommon trap: reason=bimorphic action=maybe_recompile pc=0x00000000030d3ac0 method=org.eclipse.xtext.nodemodel.impl.BasicNodeTreeIterator.hasNext()Z @ 100
Event: 1.529 Thread 0x00000000025c6000 Uncommon trap: reason=class_check action=maybe_recompile pc=0x00000000030d7268 method=org.eclipse.emf.common.util.Pool$AccessUnit$Queue.push(Lorg/eclipse/emf/common/util/Pool$AccessUnit;Z)V @ 25
Event: 1.529 Thread 0x00000000025c6000 Uncommon trap: reason=class_check action=maybe_recompile pc=0x00000000030d7268 method=org.eclipse.emf.common.util.Pool$AccessUnit$Queue.push(Lorg/eclipse/emf/common/util/Pool$AccessUnit;Z)V @ 25
Event: 1.529 Thread 0x00000000025c6000 Uncommon trap: reason=class_check action=maybe_recompile pc=0x00000000030d7268 method=org.eclipse.emf.common.util.Pool$AccessUnit$Queue.push(Lorg/eclipse/emf/common/util/Pool$AccessUnit;Z)V @ 25
Event: 1.529 Thread 0x00000000025c6000 Uncommon trap: reason=class_check action=maybe_recompile pc=0x00000000030d7268 method=org.eclipse.emf.common.util.Pool$AccessUnit$Queue.push(Lorg/eclipse/emf/common/util/Pool$AccessUnit;Z)V @ 25
Event: 1.531 Thread 0x00000000025c6000 Uncommon trap: reason=unstable_if action=reinterpret pc=0x000000000319eac8 method=org.uqbar.project.wollok.model.WMethodContainerExtensions.matches(Lorg/uqbar/project/wollok/wollokDsl/WMethodDeclaration;Ljava/lang/String;IZ)Z @ 130
Event: 1.750 Thread 0x00000000025c6000 Uncommon trap: reason=unstable_if action=reinterpret pc=0x0000000002a7447c method=java.io.WinNTFileSystem.normalize(Ljava/lang/String;)Ljava/lang/String; @ 49

Classes redefined (0 events):
No events

Internal exceptions (10 events):
Event: 1.254 Thread 0x00000000025c6000 Exception <a 'java/io/FileNotFoundException'> (0x000000076ce5bdd0) thrown at [C:\cygwin64\tmp\openjdk-8u-222_10-src\hotspot\src\share\vm\prims\jni.cpp, line 710]
Event: 1.316 Thread 0x00000000025c6000 Exception <a 'java/lang/reflect/InvocationTargetException'> (0x000000076d7cadf8) thrown at [C:\cygwin64\tmp\openjdk-8u-222_10-src\hotspot\src\share\vm\runtime\reflection.cpp, line 1092]
Event: 1.317 Thread 0x00000000025c6000 Exception <a 'java/lang/reflect/InvocationTargetException'> (0x000000076d815f68) thrown at [C:\cygwin64\tmp\openjdk-8u-222_10-src\hotspot\src\share\vm\runtime\reflection.cpp, line 1092]
Event: 1.318 Thread 0x00000000025c6000 Exception <a 'java/lang/reflect/InvocationTargetException'> (0x000000076d8611a0) thrown at [C:\cygwin64\tmp\openjdk-8u-222_10-src\hotspot\src\share\vm\runtime\reflection.cpp, line 1092]
Event: 1.854 Thread 0x00000000025c6000 Exception <a 'java/security/PrivilegedActionException'> (0x000000076c470f98) thrown at [C:\cygwin64\tmp\openjdk-8u-222_10-src\hotspot\src\share\vm\prims\jvm.cpp, line 1502]
Event: 1.854 Thread 0x00000000025c6000 Exception <a 'java/security/PrivilegedActionException'> (0x000000076c4724c8) thrown at [C:\cygwin64\tmp\openjdk-8u-222_10-src\hotspot\src\share\vm\prims\jvm.cpp, line 1502]
Event: 1.854 Thread 0x00000000025c6000 Exception <a 'java/security/PrivilegedActionException'> (0x000000076c4738f8) thrown at [C:\cygwin64\tmp\openjdk-8u-222_10-src\hotspot\src\share\vm\prims\jvm.cpp, line 1502]
Event: 1.854 Thread 0x00000000025c6000 Exception <a 'java/security/PrivilegedActionException'> (0x000000076c474fb8) thrown at [C:\cygwin64\tmp\openjdk-8u-222_10-src\hotspot\src\share\vm\prims\jvm.cpp, line 1502]
Event: 1.854 Thread 0x00000000025c6000 Exception <a 'java/security/PrivilegedActionException'> (0x000000076c4763b0) thrown at [C:\cygwin64\tmp\openjdk-8u-222_10-src\hotspot\src\share\vm\prims\jvm.cpp, line 1502]
Event: 1.854 Thread 0x00000000025c6000 Exception <a 'java/security/PrivilegedActionException'> (0x000000076c477778) thrown at [C:\cygwin64\tmp\openjdk-8u-222_10-src\hotspot\src\share\vm\prims\jvm.cpp, line 1502]

Events (10 events):
Event: 1.876 loading class org/lwjgl/openal/ALCdevice
Event: 1.876 loading class org/lwjgl/openal/ALCdevice done
Event: 1.876 loading class org/lwjgl/openal/ALCcontext
Event: 1.876 loading class org/lwjgl/openal/ALCcontext done
Event: 1.876 loading class java/nio/DirectIntBufferU
Event: 1.876 loading class java/nio/DirectIntBufferU done
Event: 1.876 loading class org/lwjgl/openal/Util
Event: 1.876 loading class org/lwjgl/openal/Util done
Event: 1.877 loading class org/lwjgl/openal/OpenALException
Event: 1.877 loading class org/lwjgl/openal/OpenALException done


Dynamic libraries:
0x00007ff780a30000 - 0x00007ff780a65000 	C:\Users\Tomas\Desktop\TN\paradigmas\wollok\java\bin\javaw.exe
0x00007ff8c5d60000 - 0x00007ff8c5f50000 	C:\WINDOWS\SYSTEM32\ntdll.dll
0x00007ff8a7ce0000 - 0x00007ff8a7cf4000 	C:\Program Files\AVG\Antivirus\aswhook.dll
0x00007ff8c4180000 - 0x00007ff8c4232000 	C:\WINDOWS\System32\KERNEL32.DLL
0x00007ff8c2fa0000 - 0x00007ff8c3243000 	C:\WINDOWS\System32\KERNELBASE.dll
0x00007ff8c4ad0000 - 0x00007ff8c4b73000 	C:\WINDOWS\System32\ADVAPI32.dll
0x00007ff8c4030000 - 0x00007ff8c40ce000 	C:\WINDOWS\System32\msvcrt.dll
0x00007ff8c4520000 - 0x00007ff8c45b7000 	C:\WINDOWS\System32\sechost.dll
0x00007ff8c4400000 - 0x00007ff8c4520000 	C:\WINDOWS\System32\RPCRT4.dll
0x00007ff8c3e10000 - 0x00007ff8c3fa4000 	C:\WINDOWS\System32\USER32.dll
0x00007ff8c2d50000 - 0x00007ff8c2d71000 	C:\WINDOWS\System32\win32u.dll
0x00007ff8c5cf0000 - 0x00007ff8c5d16000 	C:\WINDOWS\System32\GDI32.dll
0x00007ff8c3bc0000 - 0x00007ff8c3d54000 	C:\WINDOWS\System32\gdi32full.dll
0x00007ff8c3250000 - 0x00007ff8c32ee000 	C:\WINDOWS\System32\msvcp_win.dll
0x00007ff8c3ac0000 - 0x00007ff8c3bba000 	C:\WINDOWS\System32\ucrtbase.dll
0x00007ff8bd8e0000 - 0x00007ff8bdb65000 	C:\WINDOWS\WinSxS\amd64_microsoft.windows.common-controls_6595b64144ccf1df_6.0.18362.476_none_e6c4b11b130f2595\COMCTL32.dll
0x00007ff8c5860000 - 0x00007ff8c5b96000 	C:\WINDOWS\System32\combase.dll
0x00007ff8c2dd0000 - 0x00007ff8c2e50000 	C:\WINDOWS\System32\bcryptPrimitives.dll
0x00007ff8c45c0000 - 0x00007ff8c45ee000 	C:\WINDOWS\System32\IMM32.DLL
0x0000000056b80000 - 0x0000000056c52000 	C:\Users\Tomas\Desktop\TN\paradigmas\wollok\java\jre\bin\msvcr100.dll
0x0000000056350000 - 0x0000000056b75000 	C:\Users\Tomas\Desktop\TN\paradigmas\wollok\java\jre\bin\server\jvm.dll
0x00007ff8c5c80000 - 0x00007ff8c5c88000 	C:\WINDOWS\System32\PSAPI.DLL
0x00007ff8bb530000 - 0x00007ff8bb539000 	C:\WINDOWS\SYSTEM32\WSOCK32.dll
0x00007ff8c45f0000 - 0x00007ff8c465f000 	C:\WINDOWS\System32\WS2_32.dll
0x00007ff8ba260000 - 0x00007ff8ba284000 	C:\WINDOWS\SYSTEM32\WINMM.dll
0x00007ff8bd1d0000 - 0x00007ff8bd1da000 	C:\WINDOWS\SYSTEM32\VERSION.dll
0x00007ff8ba230000 - 0x00007ff8ba25d000 	C:\WINDOWS\SYSTEM32\WINMMBASE.dll
0x00007ff8c2d80000 - 0x00007ff8c2dca000 	C:\WINDOWS\System32\cfgmgr32.dll
0x00007ff8bf970000 - 0x00007ff8bf97f000 	C:\Users\Tomas\Desktop\TN\paradigmas\wollok\java\jre\bin\verify.dll
0x00007ff8ac660000 - 0x00007ff8ac689000 	C:\Users\Tomas\Desktop\TN\paradigmas\wollok\java\jre\bin\java.dll
0x00007ff8b3a30000 - 0x00007ff8b3a46000 	C:\Users\Tomas\Desktop\TN\paradigmas\wollok\java\jre\bin\zip.dll
0x00007ff8c4b80000 - 0x00007ff8c5265000 	C:\WINDOWS\System32\SHELL32.dll
0x00007ff8c52d0000 - 0x00007ff8c5379000 	C:\WINDOWS\System32\shcore.dll
0x00007ff8c3340000 - 0x00007ff8c3abe000 	C:\WINDOWS\System32\windows.storage.dll
0x00007ff8c2c80000 - 0x00007ff8c2c9f000 	C:\WINDOWS\System32\profapi.dll
0x00007ff8c2ca0000 - 0x00007ff8c2cea000 	C:\WINDOWS\System32\powrprof.dll
0x00007ff8c2c30000 - 0x00007ff8c2c40000 	C:\WINDOWS\System32\UMPDC.dll
0x00007ff8c5270000 - 0x00007ff8c52c2000 	C:\WINDOWS\System32\shlwapi.dll
0x00007ff8c2c40000 - 0x00007ff8c2c51000 	C:\WINDOWS\System32\kernel.appcore.dll
0x00007ff8c32f0000 - 0x00007ff8c3307000 	C:\WINDOWS\System32\cryptsp.dll
0x0000000065580000 - 0x0000000065616000 	C:\Users\Tomas\AppData\Local\Temp\libgdxTomas\12dfaa03\gdx64.dll
0x00007ff8c1fb0000 - 0x00007ff8c1fe3000 	C:\WINDOWS\system32\rsaenh.dll
0x00007ff8c3310000 - 0x00007ff8c3336000 	C:\WINDOWS\System32\bcrypt.dll
0x00007ff8c2b20000 - 0x00007ff8c2b45000 	C:\WINDOWS\SYSTEM32\USERENV.dll
0x00007ff8c2610000 - 0x00007ff8c261c000 	C:\WINDOWS\SYSTEM32\CRYPTBASE.dll
0x00007ff8ac640000 - 0x00007ff8ac65a000 	C:\Users\Tomas\Desktop\TN\paradigmas\wollok\java\jre\bin\net.dll
0x00007ff8bc020000 - 0x00007ff8bc1f6000 	C:\WINDOWS\SYSTEM32\urlmon.dll
0x00007ff8b5d00000 - 0x00007ff8b5fa6000 	C:\WINDOWS\SYSTEM32\iertutil.dll
0x00007ff8c2440000 - 0x00007ff8c24a7000 	C:\WINDOWS\system32\mswsock.dll
0x00007ff8c2150000 - 0x00007ff8c218a000 	C:\WINDOWS\SYSTEM32\IPHLPAPI.DLL
0x00007ff8c5ba0000 - 0x00007ff8c5ba8000 	C:\WINDOWS\System32\NSI.dll
0x00007ff8bed00000 - 0x00007ff8bed16000 	C:\WINDOWS\SYSTEM32\dhcpcsvc6.DLL
0x00007ff8bece0000 - 0x00007ff8becfc000 	C:\WINDOWS\SYSTEM32\dhcpcsvc.DLL
0x00007ff8c2190000 - 0x00007ff8c225a000 	C:\WINDOWS\SYSTEM32\DNSAPI.dll
0x00007ff8ac620000 - 0x00007ff8ac632000 	C:\Users\Tomas\Desktop\TN\paradigmas\wollok\java\jre\bin\nio.dll
0x0000000180000000 - 0x0000000180053000 	C:\Users\Tomas\AppData\Local\Temp\libgdxTomas\dc0f0009\lwjgl64.dll
0x00007ff88c350000 - 0x00007ff88c4a6000 	C:\WINDOWS\SYSTEM32\OPENGL32.dll
0x00007ff88bef0000 - 0x00007ff88bf1c000 	C:\WINDOWS\SYSTEM32\GLU32.dll
0x00007ff8c1880000 - 0x00007ff8c18a0000 	C:\WINDOWS\SYSTEM32\dxcore.dll
0x0000000023f90000 - 0x0000000023ff4000 	C:\Users\Tomas\AppData\Local\Temp\libgdxTomas\dc0f0009\OpenAL64.dll
0x00007ff8c5550000 - 0x00007ff8c56a6000 	C:\WINDOWS\System32\ole32.dll
0x00007ff8c0f90000 - 0x00007ff8c1029000 	C:\WINDOWS\system32\uxtheme.dll
0x00007ff8c40d0000 - 0x00007ff8c4172000 	C:\WINDOWS\System32\clbcatq.dll
0x00007ff893840000 - 0x00007ff8938d9000 	C:\WINDOWS\SYSTEM32\dsound.dll
0x00007ff8be870000 - 0x00007ff8be8e2000 	C:\WINDOWS\System32\MMDevApi.dll
0x00007ff8c29d0000 - 0x00007ff8c29fa000 	C:\WINDOWS\System32\DEVOBJ.dll
0x00007ff8be940000 - 0x00007ff8bea9d000 	C:\WINDOWS\SYSTEM32\AUDIOSES.DLL
0x00007ff8c42b0000 - 0x00007ff8c4374000 	C:\WINDOWS\System32\OLEAUT32.dll
0x00007ff8bef60000 - 0x00007ff8bf0b3000 	C:\WINDOWS\SYSTEM32\wintypes.dll
0x00007ff8bcfb0000 - 0x00007ff8bd1a4000 	C:\WINDOWS\SYSTEM32\dbghelp.dll

VM Arguments:
jvm_args: -Duser.language=en_US -Dfile.encoding=UTF-8 
java_command: org.uqbar.project.wollok.launch.WollokLauncher -requestsPort 0 -eventsPort 0 -folder -dontValidate -wf src/juego.wpgm
java_class_path (initial): C:\Users\Tomas\Desktop\2019-o-tpi-juego-nombregenerico2\bin;C:\Users\Tomas\Desktop\TN\paradigmas\wollok\plugins\com.ibm.icu_56.1.0.v201601250100.jar;C:\Users\Tomas\Desktop\TN\paradigmas\wollok\plugins\org.eclipse.xtext_2.11.0.v20170130-0808.jar;C:\Users\Tomas\Desktop\TN\paradigmas\wollok\plugins\org.eclipse.emf.ecore.xmi_2.12.0.v20160420-0247.jar;C:\Users\Tomas\Desktop\TN\paradigmas\wollok\plugins\org.eclipse.emf.ecore_2.12.0.v20160420-0247.jar;C:\Users\Tomas\Desktop\TN\paradigmas\wollok\plugins\org.eclipse.emf.common_2.12.0.v20160420-0247.jar;C:\Users\Tomas\Desktop\TN\paradigmas\wollok\plugins\org.antlr.runtime_3.2.0.v201101311130.jar;C:\Users\Tomas\Desktop\TN\paradigmas\wollok\plugins\com.google.inject_3.0.0.v201605172100.jar;C:\Users\Tomas\Desktop\TN\paradigmas\wollok\plugins\org.eclipse.emf.mwe.core_1.5.0.201906111547.jar;C:\Users\Tomas\Desktop\TN\paradigmas\wollok\plugins\org.apache.commons.cli_1.2.0.v201404270220.jar;C:\Users\Tomas\Desktop\TN\paradigmas\wollok\plugins\org.eclipse.emf.mwe2.runtime_2.11.0.201906111547.jar;C:\Users\Tomas\Desktop\TN\paradigmas\wollok\plugins\org.eclipse.emf.mwe.utils_1.5.0.201906111547.jar;C:\Users\Tomas\Desktop\TN\paradigmas\wollok\plugins\org.eclipse.xtext.util_2.11.0.v20170130-0808.jar;C:\Users\Tomas\Desktop\TN\paradigmas\wollok\plugins\com.google.guava_15.0.0.v201403281430.jar;C:\Users\Tomas\Desktop\TN\paradigmas\wollok\plugins\javax.inject_1.0.0.v20091030.jar;C:\Users\Tomas\Desktop\TN\paradigmas\wollok\plugins\org.eclipse.xtext.generator_2.11.0.v20170131-1210.jar;C:\Users\Tomas\Desktop\TN\paradigmas\wollok\plugins\org.eclipse.xtext.xtext.generator_2.11.0.v20170130-0808.jar;C:\Users\Tomas\Desktop\TN\paradigmas\wollok\plugins\org.eclipse.xtext.xbase.lib_2.11.0.v20170124-1424.jar;C:\Users\Tomas\Desktop\TN\paradigmas\wollok\plugins\org.eclipse.emf.codegen.ecore_2.12.0.v20160526-0356.jar;C:\Users\Tomas\Desktop\TN\paradigmas\wollok\plugins\org.eclipse.emf.codegen_2.11.0.v20160526-0356.jar;C:\Users\Tomas
Launcher Type: SUN_STANDARD

Environment Variables:
PATH=C:\Program Files (x86)\Python37-32\Scripts\;C:\Program Files (x86)\Python37-32\;C:\Program Files\Haskell\bin;C:\Program Files\Haskell Platform\8.6.3\lib\extralibs\bin;C:\Program Files\Haskell Platform\8.6.3\bin;C:\Program Files (x86)\NVIDIA Corporation\PhysX\Common;C:\Program Files (x86)\Common Files\Oracle\Java\javapath;C:\Program Files (x86)\Intel\iCLS Client\;C:\Program Files\Intel\iCLS Client\;C:\WINDOWS\system32;C:\WINDOWS;C:\WINDOWS\System32\Wbem;C:\WINDOWS\System32\WindowsPowerShell\v1.0\;C:\Program Files (x86)\Intel\Intel(R) Management Engine Components\DAL;C:\Program Files\Intel\Intel(R) Management Engine Components\DAL;C:\Program Files (x86)\Intel\Intel(R) Management Engine Components\IPT;C:\Program Files\Intel\Intel(R) Management Engine Components\IPT;C:\WINDOWS\System32\OpenSSH\;C:\Program Files\Git\cmd;C:\Program Files\Haskell Platform\8.6.3\mingw\bin;C:\Program Files\swipl\bin;C:\Program Files (x86)\GnuWin32\bin;C:\Users\Tomas\AppData\Roaming\cabal\bin;C:\Users\Tomas\AppData\Roaming\local\bin;C:\Users\Tomas\AppData\Local\Microsoft\WindowsApps;C:\Users\Tomas\AppData\Local\Programs\Microsoft VS Code\bin;C:\Program Files (x86)\Dr. Memory\bin\;;C:\Program Files\JetBrains\PyCharm Community Edition 2019.2.1\bin;;C:\Program Files\heroku\bin
USERNAME=Tomas
OS=Windows_NT
PROCESSOR_IDENTIFIER=Intel64 Family 6 Model 158 Stepping 10, GenuineIntel



---------------  S Y S T E M  ---------------

OS: Windows 10.0 , 64 bit Build 18362 (10.0.18362.329)

CPU:total 12 (initial active 12) (6 cores per cpu, 2 threads per core) family 6 model 158 stepping 10, cmov, cx8, fxsr, mmx, sse, sse2, sse3, ssse3, sse4.1, sse4.2, popcnt, avx, avx2, aes, clmul, erms, rtm, 3dnowpref, lzcnt, ht, tsc, tscinvbit, bmi1, bmi2, adx

Memory: 4k page, physical 16699788k(9616752k free), swap 17748364k(6097236k free)

vm_info: OpenJDK 64-Bit Server VM (25.222-b10) for windows-amd64 JRE (1.8.0_222-10), built on Jul 11 2019 13:29:40 by "build" with MS VC++ 10.0 (VS2010)

time: Wed Nov 13 21:20:25 2019
timezone: Argentina Standard Time
elapsed time: 1 seconds (0d 0h 0m 1s)

